<?xml version="1.0" encoding="UTF-8"?>
<!-- Generated by org.testng.reporters.JUnitReportReporter -->
<testsuite hostname="DESKTOP-7GFC154" failures="0" tests="1" name="com.org.TESTNG.Commands" time="19.093" errors="0" timestamp="2024-08-20T20:06:55 IST" skipped="0">
  <testcase classname="com.org.TESTNG.Commands" name="verifyRobotClass" time="19.093"/>
</testsuite> <!-- com.org.TESTNG.Commands -->
