<?xml version="1.0" encoding="UTF-8"?>
<!-- Generated by org.testng.reporters.JUnitReportReporter -->
<testsuite hostname="DESKTOP-7GFC154" failures="0" tests="1" name="com.org.TESTNG.Commands" time="4.825" errors="0" timestamp="2024-05-29T12:49:29 IST" skipped="0">
  <testcase classname="com.org.TESTNG.Commands" name="verifysaucetitle" time="4.825"/>
</testsuite> <!-- com.org.TESTNG.Commands -->
